[0721/102120.652:ERROR:scoped_process_suspend.cc(31)] NtSuspendProcess: An attempt was made to access an exiting process. (0xc000010a)
[0721/102121.395:ERROR:scoped_process_suspend.cc(31)] NtSuspendProcess: An attempt was made to access an exiting process. (0xc000010a)
[0721/102121.365:ERROR:scoped_process_suspend.cc(31)] NtSuspendProcess: An attempt was made to access an exiting process. (0xc000010a)
[0722/213219.596:ERROR:scoped_process_suspend.cc(31)] NtSuspendProcess: An attempt was made to access an exiting process. (0xc000010a)
[0722/213219.708:ERROR:process_reader_win.cc(123)] NtOpenThread: {Access Denied} A process has requested access to an object, but has not been granted those access rights. (0xc0000022)
[0722/213219.921:ERROR:process_reader_win.cc(123)] NtOpenThread: {Access Denied} A process has requested access to an object, but has not been granted those access rights. (0xc0000022)
[0722/213220.850:ERROR:exception_snapshot_win.cc(98)] thread ID 9512 not found in process
[0722/213220.850:ERROR:process_info.cc(118)] ReadProcessMemory bool __cdecl crashpad::(anonymous namespace)::ReadStruct(HANDLE, crashpad::WinVMAddress, T *) [T = crashpad::process_types::PEB<crashpad::process_types::internal::Traits64>]: Only part of a ReadProcessMemory or WriteProcessMemory request was completed. (0x12B)
[0722/213220.850:ERROR:process_info.cc(551)] ReadProcessData failed
[0722/213220.851:ERROR:exception_snapshot_win.cc(98)] thread ID 12044 not found in process
[0722/213220.884:ERROR:scoped_process_suspend.cc(40)] NtResumeProcess: An attempt was made to access an exiting process. (0xc000010a)
[0724/012133.550:ERROR:file_io.cc(134)] WriteFile: The pipe is being closed. (0xE8)
[0801/092054.730:ERROR:scoped_process_suspend.cc(31)] NtSuspendProcess: An attempt was made to access an exiting process. (0xc000010a)
[0801/092057.777:ERROR:process_info.cc(118)] ReadProcessMemory bool __cdecl crashpad::(anonymous namespace)::ReadStruct(HANDLE, crashpad::WinVMAddress, T *) [T = crashpad::process_types::PEB<crashpad::process_types::internal::Traits64>]: Only part of a ReadProcessMemory or WriteProcessMemory request was completed. (0x12B)
[0801/092057.808:ERROR:process_info.cc(551)] ReadProcessData failed
[0802/222126.789:ERROR:process_info.cc(329)] VirtualQueryEx: Access is denied. (0x5)
[0802/222126.836:ERROR:process_reader_win.cc(123)] NtOpenThread: {Access Denied} A process has requested access to an object, but has not been granted those access rights. (0xc0000022)
[0802/222126.836:ERROR:exception_snapshot_win.cc(98)] thread ID 9460 not found in process
[0802/222126.836:ERROR:process_info.cc(556)] ReadMemoryInfo failed
[0802/222126.836:ERROR:scoped_process_suspend.cc(40)] NtResumeProcess: An attempt was made to access an exiting process. (0xc000010a)
[0802/222126.851:ERROR:process_reader_win.cc(123)] NtOpenThread: {Access Denied} A process has requested access to an object, but has not been granted those access rights. (0xc0000022)
[0802/222126.851:ERROR:exception_snapshot_win.cc(98)] thread ID 7756 not found in process
[0810/003426.963:ERROR:settings.cc(320)] Settings magic is not 1129342067
[0914/153942.939:ERROR:process_reader_win.cc(123)] NtOpenThread: {Access Denied} A process has requested access to an object, but has not been granted those access rights. (0xc0000022)
[0914/153942.997:ERROR:exception_snapshot_win.cc(99)] thread ID 9664 not found in process
[0914/153943.171:ERROR:process_reader_win.cc(123)] NtOpenThread: {Access Denied} A process has requested access to an object, but has not been granted those access rights. (0xc0000022)
[0914/153943.171:ERROR:exception_snapshot_win.cc(99)] thread ID 8204 not found in process
[0914/153943.663:ERROR:process_reader_win.cc(151)] SuspendThread: Access is denied. (0x5)
[0914/153943.664:ERROR:process_reader_win.cc(123)] NtOpenThread: {Access Denied} A process has requested access to an object, but has not been granted those access rights. (0xc0000022)
[0914/153943.664:ERROR:exception_snapshot_win.cc(99)] thread ID 10444 not found in process
[0914/153946.336:ERROR:process_reader_win.cc(151)] SuspendThread: Access is denied. (0x5)
[0914/153946.337:ERROR:process_reader_win.cc(151)] SuspendThread: Access is denied. (0x5)
[0914/153946.337:ERROR:process_reader_win.cc(151)] SuspendThread: Access is denied. (0x5)
[0914/153946.337:ERROR:process_reader_win.cc(151)] SuspendThread: Access is denied. (0x5)
[0914/153946.337:ERROR:process_reader_win.cc(151)] SuspendThread: Access is denied. (0x5)
[0914/153946.337:ERROR:process_reader_win.cc(151)] SuspendThread: Access is denied. (0x5)
[0914/153946.338:ERROR:process_reader_win.cc(151)] SuspendThread: Access is denied. (0x5)
[0914/153946.338:ERROR:process_reader_win.cc(151)] SuspendThread: Access is denied. (0x5)
[0914/153946.338:ERROR:process_reader_win.cc(151)] SuspendThread: Access is denied. (0x5)
[0914/153946.338:ERROR:process_reader_win.cc(123)] NtOpenThread: {Access Denied} A process has requested access to an object, but has not been granted those access rights. (0xc0000022)
[0914/153946.338:ERROR:exception_snapshot_win.cc(99)] thread ID 10912 not found in process
[0914/153946.448:ERROR:process_reader_win.cc(151)] SuspendThread: Access is denied. (0x5)
[0914/153946.448:ERROR:process_reader_win.cc(151)] SuspendThread: Access is denied. (0x5)
[0914/153946.448:ERROR:process_reader_win.cc(151)] SuspendThread: Access is denied. (0x5)
[0914/153946.449:ERROR:process_reader_win.cc(151)] SuspendThread: Access is denied. (0x5)
[0914/153946.449:ERROR:process_reader_win.cc(151)] SuspendThread: Access is denied. (0x5)
[0914/153946.449:ERROR:process_reader_win.cc(151)] SuspendThread: Access is denied. (0x5)
[0914/153946.449:ERROR:process_reader_win.cc(151)] SuspendThread: Access is denied. (0x5)
[0914/153946.449:ERROR:process_reader_win.cc(151)] SuspendThread: Access is denied. (0x5)
[0914/153946.449:ERROR:process_reader_win.cc(151)] SuspendThread: Access is denied. (0x5)
[0914/153946.449:ERROR:process_reader_win.cc(123)] NtOpenThread: {Access Denied} A process has requested access to an object, but has not been granted those access rights. (0xc0000022)
[0914/153946.450:ERROR:exception_snapshot_win.cc(99)] thread ID 5564 not found in process
[1201/211911.478:ERROR:directory_reader_win.cc(43)] FindFirstFile: The system cannot find the path specified. (0x3)
<<<<<<< HEAD
[1208/220739.205:ERROR:directory_reader_win.cc(43)] FindFirstFile: The system cannot find the path specified. (0x3)
=======
[1204/121828.964:ERROR:directory_reader_win.cc(43)] FindFirstFile: The system cannot find the path specified. (0x3)
[1205/173842.203:ERROR:directory_reader_win.cc(43)] FindFirstFile: The system cannot find the path specified. (0x3)
>>>>>>> 44e1e62244faf43f9add1449bccdce62ecdcd6b6
